============================= test session starts ==============================
platform linux -- Python 3.11.6, pytest-8.1.1, pluggy-1.4.0
rootdir: /home/ci/project
collected 7 items

tests/test_math.py::test_add PASSED                                     [ 14%]
tests/test_math.py::test_subtract PASSED                                [ 28%]
tests/test_math.py::test_multiply PASSED                                [ 42%]
tests/test_math.py::test_divide FAILED                                  [ 57%]
tests/test_strings.py::test_upper PASSED                                [ 71%]
tests/test_strings.py::test_lower PASSED                                [ 85%]
tests/test_strings.py::test_strip PASSED                                [100%]

=================================== FAILURES ====================================
_________________________________ test_divide ____________________________________

    def test_divide():
        result = divide(10, 0)
>       assert result == 0
E       ZeroDivisionError: division by zero

tests/test_math.py:23: ZeroDivisionError
=========================== 1 failed, 6 passed in 0.51s ==========================
